G:\项目\ADDCERTIFICATETOSYSTEMSTORE\ADDCERTIFICATETOSYSTEMSTORE\DEBUG\ADDCERTIFICATETOSYSTEMSTORE.EXE.EMBED.MANIFEST
G:\项目\ADDCERTIFICATETOSYSTEMSTORE\ADDCERTIFICATETOSYSTEMSTORE\DEBUG\ADDCERTIFICATETOSYSTEMSTORE.EXE.EMBED.MANIFEST.RES
G:\项目\ADDCERTIFICATETOSYSTEMSTORE\ADDCERTIFICATETOSYSTEMSTORE\DEBUG\ADDCERTIFICATETOSYSTEMSTORE.EXE.INTERMEDIATE.MANIFEST
G:\项目\addcertificateTosystemstore\addcertificateTosystemstore\Debug\addcertificateTosystemstore_manifest.rc
G:\项目\addcertificateTosystemstore\addcertificateTosystemstore\Debug\cl.command.1.tlog
G:\项目\addcertificateTosystemstore\addcertificateTosystemstore\Debug\CL.read.1.tlog
G:\项目\addcertificateTosystemstore\addcertificateTosystemstore\Debug\CL.write.1.tlog
G:\项目\addcertificateTosystemstore\addcertificateTosystemstore\Debug\link.command.1.tlog
G:\项目\addcertificateTosystemstore\addcertificateTosystemstore\Debug\link.read.1.tlog
G:\项目\addcertificateTosystemstore\addcertificateTosystemstore\Debug\link.write.1.tlog
G:\项目\addcertificateTosystemstore\addcertificateTosystemstore\Debug\link-cvtres.read.1.tlog
G:\项目\addcertificateTosystemstore\addcertificateTosystemstore\Debug\link-cvtres.write.1.tlog
G:\项目\ADDCERTIFICATETOSYSTEMSTORE\ADDCERTIFICATETOSYSTEMSTORE\DEBUG\MAIN.OBJ
G:\项目\addcertificateTosystemstore\addcertificateTosystemstore\Debug\mt.command.1.tlog
G:\项目\addcertificateTosystemstore\addcertificateTosystemstore\Debug\mt.read.1.tlog
G:\项目\addcertificateTosystemstore\addcertificateTosystemstore\Debug\mt.write.1.tlog
G:\项目\addcertificateTosystemstore\addcertificateTosystemstore\Debug\rc.command.1.tlog
G:\项目\addcertificateTosystemstore\addcertificateTosystemstore\Debug\rc.read.1.tlog
G:\项目\addcertificateTosystemstore\addcertificateTosystemstore\Debug\rc.write.1.tlog
G:\项目\addcertificateTosystemstore\addcertificateTosystemstore\Debug\vc100.idb
G:\项目\ADDCERTIFICATETOSYSTEMSTORE\ADDCERTIFICATETOSYSTEMSTORE\DEBUG\VC100.PDB
G:\项目\ADDCERTIFICATETOSYSTEMSTORE\DEBUG\ADDCERTIFICATETOSYSTEMSTORE.EXE
G:\项目\ADDCERTIFICATETOSYSTEMSTORE\DEBUG\ADDCERTIFICATETOSYSTEMSTORE.ILK
G:\项目\ADDCERTIFICATETOSYSTEMSTORE\DEBUG\ADDCERTIFICATETOSYSTEMSTORE.PDB
